<?xml version="1.0" encoding="UTF-8"?>
<!-- Generated by org.testng.reporters.JUnitReportReporter -->
<testsuite name="com.puma.Script.ValidatedShoesTest" tests="1" failures="0" timestamp="9 May 2018 05:54:39 GMT" time="135.109" errors="0">
  <testcase name="validateShoes" time="135.109" classname="com.puma.Script.ValidatedShoesTest"/>
</testsuite> <!-- com.puma.Script.ValidatedShoesTest -->
